<?xml version="1.0" encoding="UTF-8"?>
<testsuite name="com.github.scsounddesigns.nwsreader.NwsReaderTest" tests="2" skipped="0" failures="0" errors="0" timestamp="2023-05-26T01:43:15" hostname="fedora" time="1.002">
  <properties/>
  <testcase name="foundStationKATX()" classname="com.github.scsounddesigns.nwsreader.NwsReaderTest" time="0.896"/>
  <testcase name="foundStationKLWX()" classname="com.github.scsounddesigns.nwsreader.NwsReaderTest" time="0.104"/>
  <system-out><![CDATA[]]></system-out>
  <system-err><![CDATA[]]></system-err>
</testsuite>
