<?xml version="1.0" encoding="UTF-8"?>
<testsuite xmlns:xsi="http://www.w3.org/2001/XMLSchema-instance" xsi:noNamespaceSchemaLocation="https://maven.apache.org/surefire/maven-surefire-plugin/xsd/surefire-test-report.xsd" name="com.github.nwsreader.AppTest" time="0.057" tests="1" errors="0" skipped="0" failures="0">
  <properties>
    <property name="java.specification.version" value="17"/>
    <property name="sun.jnu.encoding" value="UTF-8"/>
    <property name="java.class.path" value="/home/resonant/dev/nwsreader/target/test-classes:/home/resonant/dev/nwsreader/target/classes:/home/resonant/.m2/repository/junit/junit/4.11/junit-4.11.jar:/home/resonant/.m2/repository/org/hamcrest/hamcrest-core/1.3/hamcrest-core-1.3.jar:/home/resonant/.m2/repository/com/github/jsonld-java/jsonld-java/0.13.4/jsonld-java-0.13.4.jar:/home/resonant/.m2/repository/com/fasterxml/jackson/core/jackson-core/2.11.4/jackson-core-2.11.4.jar:/home/resonant/.m2/repository/org/apache/httpcomponents/httpclient-osgi/4.5.13/httpclient-osgi-4.5.13.jar:/home/resonant/.m2/repository/org/apache/httpcomponents/httpclient/4.5.13/httpclient-4.5.13.jar:/home/resonant/.m2/repository/commons-codec/commons-codec/1.11/commons-codec-1.11.jar:/home/resonant/.m2/repository/org/apache/httpcomponents/httpmime/4.5.13/httpmime-4.5.13.jar:/home/resonant/.m2/repository/org/apache/httpcomponents/httpclient-cache/4.5.13/httpclient-cache-4.5.13.jar:/home/resonant/.m2/repository/org/apache/httpcomponents/fluent-hc/4.5.13/fluent-hc-4.5.13.jar:/home/resonant/.m2/repository/org/apache/httpcomponents/httpcore-osgi/4.4.14/httpcore-osgi-4.4.14.jar:/home/resonant/.m2/repository/org/apache/httpcomponents/httpcore/4.4.14/httpcore-4.4.14.jar:/home/resonant/.m2/repository/org/apache/httpcomponents/httpcore-nio/4.4.14/httpcore-nio-4.4.14.jar:/home/resonant/.m2/repository/org/slf4j/jcl-over-slf4j/1.7.32/jcl-over-slf4j-1.7.32.jar:/home/resonant/.m2/repository/org/slf4j/slf4j-api/2.0.7/slf4j-api-2.0.7.jar:/home/resonant/.m2/repository/org/slf4j/slf4j-simple/2.0.7/slf4j-simple-2.0.7.jar:/home/resonant/.m2/repository/org/json/json/20230227/json-20230227.jar:/home/resonant/.m2/repository/com/fasterxml/jackson/core/jackson-databind/2.15.0-rc2/jackson-databind-2.15.0-rc2.jar:/home/resonant/.m2/repository/com/fasterxml/jackson/core/jackson-annotations/2.15.0-rc2/jackson-annotations-2.15.0-rc2.jar:/home/resonant/.m2/repository/com/google/code/gson/gson/2.10.1/gson-2.10.1.jar:/home/resonant/.m2/repository/commons-io/commons-io/1.3.2/commons-io-1.3.2.jar:"/>
    <property name="java.vm.vendor" value="Red Hat, Inc."/>
    <property name="sun.arch.data.model" value="64"/>
    <property name="java.vendor.url" value="https://www.redhat.com/"/>
    <property name="os.name" value="Linux"/>
    <property name="java.vm.specification.version" value="17"/>
    <property name="sun.java.launcher" value="SUN_STANDARD"/>
    <property name="user.country" value="US"/>
    <property name="sun.boot.library.path" value="/usr/lib/jvm/java-17-openjdk-17.0.6.0.10-1.fc37.x86_64/lib"/>
    <property name="sun.java.command" value="/home/resonant/dev/nwsreader/target/surefire/surefirebooter7667405177867221074.jar /home/resonant/dev/nwsreader/target/surefire 2023-04-14T22-11-01_491-jvmRun1 surefire9056046327420024718tmp surefire_017172998307866067881tmp"/>
    <property name="jdk.debug" value="release"/>
    <property name="surefire.test.class.path" value="/home/resonant/dev/nwsreader/target/test-classes:/home/resonant/dev/nwsreader/target/classes:/home/resonant/.m2/repository/junit/junit/4.11/junit-4.11.jar:/home/resonant/.m2/repository/org/hamcrest/hamcrest-core/1.3/hamcrest-core-1.3.jar:/home/resonant/.m2/repository/com/github/jsonld-java/jsonld-java/0.13.4/jsonld-java-0.13.4.jar:/home/resonant/.m2/repository/com/fasterxml/jackson/core/jackson-core/2.11.4/jackson-core-2.11.4.jar:/home/resonant/.m2/repository/org/apache/httpcomponents/httpclient-osgi/4.5.13/httpclient-osgi-4.5.13.jar:/home/resonant/.m2/repository/org/apache/httpcomponents/httpclient/4.5.13/httpclient-4.5.13.jar:/home/resonant/.m2/repository/commons-codec/commons-codec/1.11/commons-codec-1.11.jar:/home/resonant/.m2/repository/org/apache/httpcomponents/httpmime/4.5.13/httpmime-4.5.13.jar:/home/resonant/.m2/repository/org/apache/httpcomponents/httpclient-cache/4.5.13/httpclient-cache-4.5.13.jar:/home/resonant/.m2/repository/org/apache/httpcomponents/fluent-hc/4.5.13/fluent-hc-4.5.13.jar:/home/resonant/.m2/repository/org/apache/httpcomponents/httpcore-osgi/4.4.14/httpcore-osgi-4.4.14.jar:/home/resonant/.m2/repository/org/apache/httpcomponents/httpcore/4.4.14/httpcore-4.4.14.jar:/home/resonant/.m2/repository/org/apache/httpcomponents/httpcore-nio/4.4.14/httpcore-nio-4.4.14.jar:/home/resonant/.m2/repository/org/slf4j/jcl-over-slf4j/1.7.32/jcl-over-slf4j-1.7.32.jar:/home/resonant/.m2/repository/org/slf4j/slf4j-api/2.0.7/slf4j-api-2.0.7.jar:/home/resonant/.m2/repository/org/slf4j/slf4j-simple/2.0.7/slf4j-simple-2.0.7.jar:/home/resonant/.m2/repository/org/json/json/20230227/json-20230227.jar:/home/resonant/.m2/repository/com/fasterxml/jackson/core/jackson-databind/2.15.0-rc2/jackson-databind-2.15.0-rc2.jar:/home/resonant/.m2/repository/com/fasterxml/jackson/core/jackson-annotations/2.15.0-rc2/jackson-annotations-2.15.0-rc2.jar:/home/resonant/.m2/repository/com/google/code/gson/gson/2.10.1/gson-2.10.1.jar:/home/resonant/.m2/repository/commons-io/commons-io/1.3.2/commons-io-1.3.2.jar:"/>
    <property name="sun.cpu.endian" value="little"/>
    <property name="user.home" value="/home/resonant"/>
    <property name="user.language" value="en"/>
    <property name="java.specification.vendor" value="Oracle Corporation"/>
    <property name="java.version.date" value="2023-01-17"/>
    <property name="java.home" value="/usr/lib/jvm/java-17-openjdk-17.0.6.0.10-1.fc37.x86_64"/>
    <property name="file.separator" value="/"/>
    <property name="basedir" value="/home/resonant/dev/nwsreader"/>
    <property name="java.vm.compressedOopsMode" value="32-bit"/>
    <property name="line.separator" value="&#10;"/>
    <property name="java.vm.specification.vendor" value="Oracle Corporation"/>
    <property name="java.specification.name" value="Java Platform API Specification"/>
    <property name="surefire.real.class.path" value="/home/resonant/dev/nwsreader/target/surefire/surefirebooter7667405177867221074.jar"/>
    <property name="sun.management.compiler" value="HotSpot 64-Bit Tiered Compilers"/>
    <property name="java.runtime.version" value="17.0.6+10"/>
    <property name="user.name" value="resonant"/>
    <property name="path.separator" value=":"/>
    <property name="os.version" value="6.2.9-200.fc37.x86_64"/>
    <property name="java.runtime.name" value="OpenJDK Runtime Environment"/>
    <property name="file.encoding" value="UTF-8"/>
    <property name="java.vm.name" value="OpenJDK 64-Bit Server VM"/>
    <property name="java.vendor.version" value="(Red_Hat-17.0.6.0.10-1.fc37)"/>
    <property name="localRepository" value="/home/resonant/.m2/repository"/>
    <property name="java.vendor.url.bug" value="https://bugzilla.redhat.com/enter_bug.cgi?product=Fedora&amp;component=java-17-openjdk&amp;version=37"/>
    <property name="java.io.tmpdir" value="/tmp"/>
    <property name="java.version" value="17.0.6"/>
    <property name="user.dir" value="/home/resonant/dev/nwsreader"/>
    <property name="os.arch" value="amd64"/>
    <property name="java.vm.specification.name" value="Java Virtual Machine Specification"/>
    <property name="native.encoding" value="UTF-8"/>
    <property name="java.library.path" value="/usr/java/packages/lib:/usr/lib64:/lib64:/lib:/usr/lib"/>
    <property name="java.vm.info" value="mixed mode, sharing"/>
    <property name="java.vendor" value="Red Hat, Inc."/>
    <property name="java.vm.version" value="17.0.6+10"/>
    <property name="sun.io.unicode.encoding" value="UnicodeLittle"/>
    <property name="java.class.version" value="61.0"/>
  </properties>
  <testcase name="shouldAnswerWithTrue" classname="com.github.nwsreader.AppTest" time="0.004"/>
</testsuite>